<?xml version="1.0" encoding="UTF-8"?>
<testng-results ignored="0" total="1" passed="1" failed="0" skipped="0">
  <reporter-output>
  </reporter-output>
  <suite started-at="2022-01-31T01:24:37 IST" name="Default suite" finished-at="2022-01-31T01:24:40 IST" duration-ms="2566">
    <groups>
    </groups>
    <test started-at="2022-01-31T01:24:37 IST" name="Default test" finished-at="2022-01-31T01:24:40 IST" duration-ms="2566">
      <class name="testcase.TestcasePR">
        <test-method is-config="true" signature="launchbrowser()[pri:0, instance:testcase.TestcasePR@489115ef]" started-at="2022-01-31T01:23:18 IST" name="launchbrowser" finished-at="2022-01-31T01:24:37 IST" duration-ms="79565" status="PASS">
          <reporter-output>
          </reporter-output>
        </test-method> <!-- launchbrowser -->
        <test-method signature="PRpoints()[pri:0, instance:testcase.TestcasePR@489115ef]" started-at="2022-01-31T01:24:37 IST" name="PRpoints" finished-at="2022-01-31T01:24:40 IST" duration-ms="2528" status="PASS">
          <reporter-output>
          </reporter-output>
        </test-method> <!-- PRpoints -->
        <test-method is-config="true" signature="closingbrowser()[pri:0, instance:testcase.TestcasePR@489115ef]" started-at="2022-01-31T01:24:40 IST" name="closingbrowser" finished-at="2022-01-31T01:24:40 IST" duration-ms="48" status="PASS">
          <reporter-output>
          </reporter-output>
        </test-method> <!-- closingbrowser -->
      </class> <!-- testcase.TestcasePR -->
    </test> <!-- Default test -->
  </suite> <!-- Default suite -->
</testng-results>
